<?xml version="1.0" encoding="UTF-8"?>
<testng-results ignored="0" total="1" passed="1" failed="0" skipped="0">
  <reporter-output>
  </reporter-output>
  <suite started-at="2019-09-29T15:02:10 IST" name="Default suite" finished-at="2019-09-29T15:02:10 IST" duration-ms="47">
    <groups>
    </groups>
    <test started-at="2019-09-29T15:02:10 IST" name="Default test" finished-at="2019-09-29T15:02:10 IST" duration-ms="47">
      <class name="excelpracpkg_excel.NewTest">
        <test-method signature="f()[pri:0, instance:excelpracpkg_excel.NewTest@6295d394]" started-at="2019-09-29T15:02:10 IST" name="f" finished-at="2019-09-29T15:02:10 IST" duration-ms="0" status="PASS">
          <reporter-output>
          </reporter-output>
        </test-method> <!-- f -->
      </class> <!-- excelpracpkg_excel.NewTest -->
    </test> <!-- Default test -->
  </suite> <!-- Default suite -->
</testng-results>
